{
  "stats": {
    "suites": 3,
    "tests": 2,
    "passes": 2,
    "pending": 0,
    "failures": 0,
    "start": "2024-07-07T15:33:37.683Z",
    "end": "2024-07-07T15:33:37.964Z",
    "duration": 281,
    "testsRegistered": 2,
    "passPercent": 100,
    "pendingPercent": 0,
    "other": 0,
    "hasOther": false,
    "skipped": 0,
    "hasSkipped": false
  },
  "results": [
    {
      "uuid": "4a48ad4a-7aeb-42df-91ff-1b097b39d9e2",
      "title": "",
      "fullFile": "G:\\Sudha\\Simplilearn\\code\\Integrate and Deploy your MEAN app on Cloud\\Mocha\\restapi-testing\\test\\api.test.mjs",
      "file": "\\test\\api.test.mjs",
      "beforeHooks": [],
      "afterHooks": [],
      "tests": [],
      "suites": [
        {
          "uuid": "3850cde5-88a7-4986-8a28-d50a01da6d75",
          "title": "API Tests",
          "fullFile": "G:\\Sudha\\Simplilearn\\code\\Integrate and Deploy your MEAN app on Cloud\\Mocha\\restapi-testing\\test\\api.test.mjs",
          "file": "\\test\\api.test.mjs",
          "beforeHooks": [],
          "afterHooks": [],
          "tests": [],
          "suites": [
            {
              "uuid": "1affc9da-0643-4fd7-9f85-f178f220e97b",
              "title": "GET /api/items",
              "fullFile": "G:\\Sudha\\Simplilearn\\code\\Integrate and Deploy your MEAN app on Cloud\\Mocha\\restapi-testing\\test\\api.test.mjs",
              "file": "\\test\\api.test.mjs",
              "beforeHooks": [],
              "afterHooks": [],
              "tests": [
                {
                  "title": "should return a list of items",
                  "fullTitle": "API Tests GET /api/items should return a list of items",
                  "timedOut": false,
                  "duration": 112,
                  "state": "passed",
                  "speed": "slow",
                  "pass": true,
                  "fail": false,
                  "pending": false,
                  "context": null,
                  "code": "request(app)\n.get('/api/items')\n.expect(200)\n.end((err,res)=>{\n    if(err) done(err);\n    expect(res.body).to.be.an('array').that.is.not.empty;\n    //expect(res.body).to.have.property('name','Item1');\n    //assert.strictEqual(res.body.name, 'Item1');\n    const item = res.body.find(item=> item.name === \"Item1\");\n    assert.isDefined(item,'item exist');\n    assert.strictEqual(item.name,'Item1');\n    //assert.isArray(res.body,'is response an array')\n    done();\n    //assert.isNotNull(val);\n    //expect(val).to.not.be.null;\n})",
                  "err": {},
                  "uuid": "c44fd389-76b2-4b04-967b-b63dfdcef76e",
                  "parentUUID": "1affc9da-0643-4fd7-9f85-f178f220e97b",
                  "isHook": false,
                  "skipped": false
                }
              ],
              "suites": [],
              "passes": [
                "c44fd389-76b2-4b04-967b-b63dfdcef76e"
              ],
              "failures": [],
              "pending": [],
              "skipped": [],
              "duration": 112,
              "root": false,
              "rootEmpty": false,
              "_timeout": 2000
            },
            {
              "uuid": "69d3de28-e33c-445f-a4b2-50e7b44de5a4",
              "title": "POST /api/items",
              "fullFile": "G:\\Sudha\\Simplilearn\\code\\Integrate and Deploy your MEAN app on Cloud\\Mocha\\restapi-testing\\test\\api.test.mjs",
              "file": "\\test\\api.test.mjs",
              "beforeHooks": [],
              "afterHooks": [],
              "tests": [
                {
                  "title": "should create a new Items",
                  "fullTitle": "API Tests POST /api/items should create a new Items",
                  "timedOut": false,
                  "duration": 131,
                  "state": "passed",
                  "speed": "slow",
                  "pass": true,
                  "fail": false,
                  "pending": false,
                  "context": null,
                  "code": "const newItem = {name:'Item2'};\nrequest(app)\n.post('/api/items')\n.send(newItem)\n.end((err,res)=>{\n    if(err) return done(err);\n    expect(res.body).to.have.property('id');\n    expect(res.body).to.have.property('name');\n    done();\n})",
                  "err": {},
                  "uuid": "6f2b9093-eb90-42eb-b75d-f6d4ec9aa690",
                  "parentUUID": "69d3de28-e33c-445f-a4b2-50e7b44de5a4",
                  "isHook": false,
                  "skipped": false
                }
              ],
              "suites": [],
              "passes": [
                "6f2b9093-eb90-42eb-b75d-f6d4ec9aa690"
              ],
              "failures": [],
              "pending": [],
              "skipped": [],
              "duration": 131,
              "root": false,
              "rootEmpty": false,
              "_timeout": 2000
            }
          ],
          "passes": [],
          "failures": [],
          "pending": [],
          "skipped": [],
          "duration": 0,
          "root": false,
          "rootEmpty": false,
          "_timeout": 2000
        }
      ],
      "passes": [],
      "failures": [],
      "pending": [],
      "skipped": [],
      "duration": 0,
      "root": true,
      "rootEmpty": true,
      "_timeout": 2000
    }
  ],
  "meta": {
    "mocha": {
      "version": "10.6.0"
    },
    "mochawesome": {
      "options": {
        "quiet": false,
        "reportFilename": "mochawesome",
        "saveHtml": true,
        "saveJson": true,
        "consoleReporter": "spec",
        "useInlineDiffs": false,
        "code": true
      },
      "version": "7.1.3"
    },
    "marge": {
      "options": null,
      "version": "6.2.0"
    }
  }
}