{
  "stats": {
    "suites": 3,
    "tests": 2,
    "passes": 2,
    "pending": 0,
    "failures": 0,
    "start": "2024-07-07T15:21:37.997Z",
    "end": "2024-07-07T15:21:38.221Z",
    "duration": 224,
    "testsRegistered": 2,
    "passPercent": 100,
    "pendingPercent": 0,
    "other": 0,
    "hasOther": false,
    "skipped": 0,
    "hasSkipped": false
  },
  "results": [
    {
      "uuid": "66d702d7-3ae3-49a9-96d1-1aec62db773e",
      "title": "",
      "fullFile": "G:\\Sudha\\Simplilearn\\code\\Integrate and Deploy your MEAN app on Cloud\\Mocha\\restapi-testing\\test\\api.test.mjs",
      "file": "\\test\\api.test.mjs",
      "beforeHooks": [],
      "afterHooks": [],
      "tests": [],
      "suites": [
        {
          "uuid": "2c0a9f7d-8f9c-4f15-b46c-e5af01ad29ae",
          "title": "API Tests",
          "fullFile": "G:\\Sudha\\Simplilearn\\code\\Integrate and Deploy your MEAN app on Cloud\\Mocha\\restapi-testing\\test\\api.test.mjs",
          "file": "\\test\\api.test.mjs",
          "beforeHooks": [],
          "afterHooks": [],
          "tests": [],
          "suites": [
            {
              "uuid": "13574540-1e79-4f10-b100-515b504796e1",
              "title": "GET /api/items",
              "fullFile": "G:\\Sudha\\Simplilearn\\code\\Integrate and Deploy your MEAN app on Cloud\\Mocha\\restapi-testing\\test\\api.test.mjs",
              "file": "\\test\\api.test.mjs",
              "beforeHooks": [],
              "afterHooks": [],
              "tests": [
                {
                  "title": "should return a list of items",
                  "fullTitle": "API Tests GET /api/items should return a list of items",
                  "timedOut": false,
                  "duration": 92,
                  "state": "passed",
                  "speed": "slow",
                  "pass": true,
                  "fail": false,
                  "pending": false,
                  "context": null,
                  "code": "request(app)\n.get('/api/items')\n.expect(200)\n.end((err,res)=>{\n    if(err) done(err);\n    expect(res.body).to.be.an('array').that.is.not.empty;\n    //expect(res.body).to.have.property('name','Item1');\n    //assert.strictEqual(res.body.name, 'Item1');\n    const item = res.body.find(item=> item.name === \"Item1\");\n    assert.isDefined(item,'item exist');\n    assert.strictEqual(item.name,'Item1');\n    //assert.isArray(res.body,'is response an array')\n    done();\n    //assert.isNotNull(val);\n    //expect(val).to.not.be.null;\n})",
                  "err": {},
                  "uuid": "390a6f2a-6f2a-4419-a907-2598e62ef68c",
                  "parentUUID": "13574540-1e79-4f10-b100-515b504796e1",
                  "isHook": false,
                  "skipped": false
                }
              ],
              "suites": [],
              "passes": [
                "390a6f2a-6f2a-4419-a907-2598e62ef68c"
              ],
              "failures": [],
              "pending": [],
              "skipped": [],
              "duration": 92,
              "root": false,
              "rootEmpty": false,
              "_timeout": 2000
            },
            {
              "uuid": "7ccc9382-1f36-4ef4-9a3f-f8c64887850b",
              "title": "POST /api/items",
              "fullFile": "G:\\Sudha\\Simplilearn\\code\\Integrate and Deploy your MEAN app on Cloud\\Mocha\\restapi-testing\\test\\api.test.mjs",
              "file": "\\test\\api.test.mjs",
              "beforeHooks": [],
              "afterHooks": [],
              "tests": [
                {
                  "title": "should create a new Items",
                  "fullTitle": "API Tests POST /api/items should create a new Items",
                  "timedOut": false,
                  "duration": 79,
                  "state": "passed",
                  "speed": "slow",
                  "pass": true,
                  "fail": false,
                  "pending": false,
                  "context": null,
                  "code": "const newItem = {name:'Item2'};\nrequest(app)\n.post('/api/items')\n.send(newItem)\n.end((err,res)=>{\n    if(err) return done(err);\n    expect(res.body).to.have.property('id');\n    expect(res.body).to.have.property('name');\n    done();\n})",
                  "err": {},
                  "uuid": "86f77847-c63a-4eec-932a-68565e8e7fc8",
                  "parentUUID": "7ccc9382-1f36-4ef4-9a3f-f8c64887850b",
                  "isHook": false,
                  "skipped": false
                }
              ],
              "suites": [],
              "passes": [
                "86f77847-c63a-4eec-932a-68565e8e7fc8"
              ],
              "failures": [],
              "pending": [],
              "skipped": [],
              "duration": 79,
              "root": false,
              "rootEmpty": false,
              "_timeout": 2000
            }
          ],
          "passes": [],
          "failures": [],
          "pending": [],
          "skipped": [],
          "duration": 0,
          "root": false,
          "rootEmpty": false,
          "_timeout": 2000
        }
      ],
      "passes": [],
      "failures": [],
      "pending": [],
      "skipped": [],
      "duration": 0,
      "root": true,
      "rootEmpty": true,
      "_timeout": 2000
    }
  ],
  "meta": {
    "mocha": {
      "version": "10.6.0"
    },
    "mochawesome": {
      "options": {
        "quiet": false,
        "reportFilename": "mochawesome",
        "saveHtml": true,
        "saveJson": true,
        "consoleReporter": "spec",
        "useInlineDiffs": false,
        "code": true
      },
      "version": "7.1.3"
    },
    "marge": {
      "options": {
        "reportDir": "reports"
      },
      "version": "6.2.0"
    }
  }
}